c:\users\administrator\desktop\team_allen\client\include\debug\client.pch
c:\users\administrator\desktop\team_allen\client\include\debug\vc140.pdb
c:\users\administrator\desktop\team_allen\client\include\debug\vc140.idb
c:\users\administrator\desktop\team_allen\client\include\debug\stdafx.obj
c:\users\administrator\desktop\team_allen\client\include\debug\ceiling.obj
c:\users\administrator\desktop\team_allen\client\include\debug\floor.obj
c:\users\administrator\desktop\team_allen\client\include\debug\logo.obj
c:\users\administrator\desktop\team_allen\client\include\debug\logoback.obj
c:\users\administrator\desktop\team_allen\client\include\debug\mainapp.obj
c:\users\administrator\desktop\team_allen\client\include\debug\player.obj
c:\users\administrator\desktop\team_allen\client\include\debug\stage.obj
c:\users\administrator\desktop\team_allen\client\include\debug\wall.obj
c:\users\administrator\desktop\team_allen\client\include\debug\client.obj
c:\users\administrator\desktop\team_allen\client\bin\client.ilk
c:\users\administrator\desktop\team_allen\client\bin\client.exe
c:\users\administrator\desktop\team_allen\client\bin\client.pdb
c:\users\administrator\desktop\team_allen\client\include\debug\client.res
c:\users\administrator\desktop\team_allen-server\client\include\debug\ceiling.obj
c:\users\administrator\desktop\team_allen-server\client\include\debug\client.obj
c:\users\administrator\desktop\team_allen-server\client\include\debug\floor.obj
c:\users\administrator\desktop\team_allen-server\client\include\debug\logo.obj
c:\users\administrator\desktop\team_allen-server\client\include\debug\logoback.obj
c:\users\administrator\desktop\team_allen-server\client\include\debug\mainapp.obj
c:\users\administrator\desktop\team_allen-server\client\include\debug\player.obj
c:\users\administrator\desktop\team_allen-server\client\include\debug\stage.obj
c:\users\administrator\desktop\team_allen-server\client\include\debug\stdafx.obj
c:\users\administrator\desktop\team_allen-server\client\include\debug\wall.obj
c:\users\administrator\desktop\team_allen-server\client\include\debug\client.res
c:\users\administrator\desktop\team_allen-server\client\include\debug\client.pch
c:\users\administrator\desktop\team_allen-server\client\include\debug\vc140.idb
c:\users\administrator\desktop\team_allen-server\client\include\debug\vc140.pdb
c:\users\administrator\desktop\team_allen-server\client\include\../bin\client.exe
c:\users\administrator\desktop\team_allen-server\client\include\debug\client.tlog\cl.command.1.tlog
c:\users\administrator\desktop\team_allen-server\client\include\debug\client.tlog\cl.read.1.tlog
c:\users\administrator\desktop\team_allen-server\client\include\debug\client.tlog\cl.write.1.tlog
c:\users\administrator\desktop\team_allen-server\client\include\debug\client.tlog\link.command.1.tlog
c:\users\administrator\desktop\team_allen-server\client\include\debug\client.tlog\link.read.1.tlog
c:\users\administrator\desktop\team_allen-server\client\include\debug\client.tlog\link.write.1.tlog
c:\users\administrator\desktop\team_allen-server\client\include\debug\client.tlog\rc.command.1.tlog
c:\users\administrator\desktop\team_allen-server\client\include\debug\client.tlog\rc.read.1.tlog
c:\users\administrator\desktop\team_allen-server\client\include\debug\client.tlog\rc.write.1.tlog
