c:\users\administrator\desktop\team_allen\client\include\release\client.pch
c:\users\administrator\desktop\team_allen\client\include\release\vc140.pdb
c:\users\administrator\desktop\team_allen\client\include\release\stdafx.obj
c:\users\administrator\desktop\team_allen\client\include\release\wall.obj
c:\users\administrator\desktop\team_allen\client\include\release\ceiling.obj
c:\users\administrator\desktop\team_allen\client\include\release\stage.obj
c:\users\administrator\desktop\team_allen\client\include\release\player.obj
c:\users\administrator\desktop\team_allen\client\include\release\client.obj
c:\users\administrator\desktop\team_allen\client\include\release\mainapp.obj
c:\users\administrator\desktop\team_allen\client\include\release\logo.obj
c:\users\administrator\desktop\team_allen\client\include\release\floor.obj
c:\users\administrator\desktop\team_allen\client\include\release\logoback.obj
c:\users\administrator\desktop\team_allen-server\client\include\release\client.pch
c:\users\administrator\desktop\team_allen-server\client\include\release\vc140.pdb
c:\users\administrator\desktop\team_allen-server\client\include\release\stdafx.obj
c:\users\administrator\desktop\team_allen-server\client\include\release\client.obj
c:\users\administrator\desktop\team_allen-server\client\include\release\wall.obj
c:\users\administrator\desktop\team_allen-server\client\include\release\stage.obj
c:\users\administrator\desktop\team_allen-server\client\include\release\player.obj
c:\users\administrator\desktop\team_allen-server\client\include\release\mainapp.obj
c:\users\administrator\desktop\team_allen-server\client\include\release\logoback.obj
c:\users\administrator\desktop\team_allen-server\client\include\release\logo.obj
c:\users\administrator\desktop\team_allen-server\client\include\release\floor.obj
c:\users\administrator\desktop\team_allen-server\client\include\release\ceiling.obj
c:\users\administrator\desktop\team_allen\client\bin\client.exe
c:\users\administrator\desktop\team_allen\client\bin\client.ipdb
c:\users\administrator\desktop\team_allen\client\bin\client.iobj
c:\users\administrator\desktop\team_allen\client\bin\client.pdb
c:\users\administrator\desktop\team_allen-server\client\bin\client.exe
c:\users\administrator\desktop\team_allen-server\client\bin\client.pdb
c:\users\administrator\desktop\team_allen\client\include\release\client.res
c:\users\administrator\desktop\team_allen-server\client\include\release\client.res
c:\users\administrator\desktop\team_allen-server\client\include\../bin\client.exe
c:\users\administrator\desktop\team_allen-server\client\include\release\client.tlog\cl.command.1.tlog
c:\users\administrator\desktop\team_allen-server\client\include\release\client.tlog\cl.read.1.tlog
c:\users\administrator\desktop\team_allen-server\client\include\release\client.tlog\cl.write.1.tlog
c:\users\administrator\desktop\team_allen-server\client\include\release\client.tlog\link.command.1.tlog
c:\users\administrator\desktop\team_allen-server\client\include\release\client.tlog\link.read.1.tlog
c:\users\administrator\desktop\team_allen-server\client\include\release\client.tlog\link.write.1.tlog
c:\users\administrator\desktop\team_allen-server\client\include\release\client.tlog\rc.command.1.tlog
c:\users\administrator\desktop\team_allen-server\client\include\release\client.tlog\rc.read.1.tlog
c:\users\administrator\desktop\team_allen-server\client\include\release\client.tlog\rc.write.1.tlog
