c:\users\administrator\desktop\team_allen\engine\resources\include\debug\vc140.pdb
c:\users\administrator\desktop\team_allen\engine\resources\include\debug\vc140.idb
c:\users\administrator\desktop\team_allen\engine\resources\include\debug\cubetex.obj
c:\users\administrator\desktop\team_allen\engine\resources\include\debug\rccolor.obj
c:\users\administrator\desktop\team_allen\engine\resources\include\debug\rctex.obj
c:\users\administrator\desktop\team_allen\engine\resources\include\debug\resourcemgr.obj
c:\users\administrator\desktop\team_allen\engine\resources\include\debug\resources.obj
c:\users\administrator\desktop\team_allen\engine\resources\include\debug\terraintex.obj
c:\users\administrator\desktop\team_allen\engine\resources\include\debug\texture.obj
c:\users\administrator\desktop\team_allen\engine\resources\include\debug\tricolor.obj
c:\users\administrator\desktop\team_allen\engine\resources\include\debug\vibuffer.obj
c:\users\administrator\desktop\team_allen\engine\resources\include\debug\walltex.obj
c:\users\administrator\desktop\team_allen\engine\resources\bin\resources.ilk
c:\users\administrator\desktop\team_allen\engine\resources\bin\resources.dll
c:\users\administrator\desktop\team_allen\engine\resources\bin\resources.pdb
c:\users\administrator\desktop\team_allen\engine\resources\bin\resources.lib
c:\users\administrator\desktop\team_allen\engine\resources\bin\resources.exp
c:\users\administrator\desktop\team_allen-server\engine\resources\include\debug\cubetex.obj
c:\users\administrator\desktop\team_allen-server\engine\resources\include\debug\rccolor.obj
c:\users\administrator\desktop\team_allen-server\engine\resources\include\debug\rctex.obj
c:\users\administrator\desktop\team_allen-server\engine\resources\include\debug\resourcemgr.obj
c:\users\administrator\desktop\team_allen-server\engine\resources\include\debug\resources.obj
c:\users\administrator\desktop\team_allen-server\engine\resources\include\debug\terraintex.obj
c:\users\administrator\desktop\team_allen-server\engine\resources\include\debug\texture.obj
c:\users\administrator\desktop\team_allen-server\engine\resources\include\debug\tricolor.obj
c:\users\administrator\desktop\team_allen-server\engine\resources\include\debug\vibuffer.obj
c:\users\administrator\desktop\team_allen-server\engine\resources\include\debug\walltex.obj
c:\users\administrator\desktop\team_allen-server\engine\resources\include\debug\vc140.idb
c:\users\administrator\desktop\team_allen-server\engine\resources\include\debug\vc140.pdb
c:\users\administrator\desktop\team_allen-server\engine\resources\include\../bin\resources.dll
c:\users\administrator\desktop\team_allen-server\engine\resources\include\debug\resources.tlog\cl.command.1.tlog
c:\users\administrator\desktop\team_allen-server\engine\resources\include\debug\resources.tlog\cl.read.1.tlog
c:\users\administrator\desktop\team_allen-server\engine\resources\include\debug\resources.tlog\cl.write.1.tlog
c:\users\administrator\desktop\team_allen-server\engine\resources\include\debug\resources.tlog\link.command.1.tlog
c:\users\administrator\desktop\team_allen-server\engine\resources\include\debug\resources.tlog\link.read.1.tlog
c:\users\administrator\desktop\team_allen-server\engine\resources\include\debug\resources.tlog\link.write.1.tlog
c:\users\administrator\desktop\team_allen-server\engine\resources\include\debug\resources.tlog\resources.write.1u.tlog
