c:\users\administrator\desktop\team_allen\engine\system\include\release\vc140.pdb
c:\users\administrator\desktop\team_allen\engine\system\include\release\timemgr.obj
c:\users\administrator\desktop\team_allen\engine\system\include\release\graphicdev.obj
c:\users\administrator\desktop\team_allen\engine\system\include\release\mouse.obj
c:\users\administrator\desktop\team_allen-server\engine\system\include\release\vc140.pdb
c:\users\administrator\desktop\team_allen-server\engine\system\include\release\timemgr.obj
c:\users\administrator\desktop\team_allen-server\engine\system\include\release\graphicdev.obj
c:\users\administrator\desktop\team_allen-server\engine\system\include\release\mouse.obj
c:\users\administrator\desktop\team_allen\engine\system\bin\system.dll
c:\users\administrator\desktop\team_allen\engine\system\bin\system.pdb
c:\users\administrator\desktop\team_allen-server\engine\system\bin\system.dll
c:\users\administrator\desktop\team_allen-server\engine\system\bin\system.ipdb
c:\users\administrator\desktop\team_allen-server\engine\system\bin\system.iobj
c:\users\administrator\desktop\team_allen-server\engine\system\bin\system.pdb
c:\users\administrator\desktop\team_allen\engine\system\bin\system.lib
c:\users\administrator\desktop\team_allen\engine\system\bin\system.exp
c:\users\administrator\desktop\team_allen-server\engine\system\bin\system.lib
c:\users\administrator\desktop\team_allen-server\engine\system\bin\system.exp
c:\users\administrator\desktop\team_allen-server\engine\system\include\../bin\system.dll
c:\users\administrator\desktop\team_allen-server\engine\system\include\release\system.tlog\cl.command.1.tlog
c:\users\administrator\desktop\team_allen-server\engine\system\include\release\system.tlog\cl.read.1.tlog
c:\users\administrator\desktop\team_allen-server\engine\system\include\release\system.tlog\cl.write.1.tlog
c:\users\administrator\desktop\team_allen-server\engine\system\include\release\system.tlog\link.command.1.tlog
c:\users\administrator\desktop\team_allen-server\engine\system\include\release\system.tlog\link.read.1.tlog
c:\users\administrator\desktop\team_allen-server\engine\system\include\release\system.tlog\link.write.1.tlog
c:\users\administrator\desktop\team_allen-server\engine\system\include\release\system.tlog\system.write.1u.tlog
