c:\users\administrator\desktop\team_allen\engine\resources\include\release\vc140.pdb
c:\users\administrator\desktop\team_allen\engine\resources\include\release\walltex.obj
c:\users\administrator\desktop\team_allen\engine\resources\include\release\vibuffer.obj
c:\users\administrator\desktop\team_allen\engine\resources\include\release\tricolor.obj
c:\users\administrator\desktop\team_allen\engine\resources\include\release\texture.obj
c:\users\administrator\desktop\team_allen\engine\resources\include\release\terraintex.obj
c:\users\administrator\desktop\team_allen\engine\resources\include\release\resources.obj
c:\users\administrator\desktop\team_allen\engine\resources\include\release\resourcemgr.obj
c:\users\administrator\desktop\team_allen\engine\resources\include\release\rctex.obj
c:\users\administrator\desktop\team_allen\engine\resources\include\release\rccolor.obj
c:\users\administrator\desktop\team_allen\engine\resources\include\release\cubetex.obj
c:\users\administrator\desktop\team_allen\engine\resources\include\release\wallxytex.obj
c:\users\administrator\desktop\team_allen-server\engine\resources\include\release\vc140.pdb
c:\users\administrator\desktop\team_allen-server\engine\resources\include\release\wallxytex.obj
c:\users\administrator\desktop\team_allen-server\engine\resources\include\release\walltex.obj
c:\users\administrator\desktop\team_allen-server\engine\resources\include\release\vibuffer.obj
c:\users\administrator\desktop\team_allen-server\engine\resources\include\release\tricolor.obj
c:\users\administrator\desktop\team_allen-server\engine\resources\include\release\texture.obj
c:\users\administrator\desktop\team_allen-server\engine\resources\include\release\terraintex.obj
c:\users\administrator\desktop\team_allen-server\engine\resources\include\release\resources.obj
c:\users\administrator\desktop\team_allen-server\engine\resources\include\release\resourcemgr.obj
c:\users\administrator\desktop\team_allen-server\engine\resources\include\release\rctex.obj
c:\users\administrator\desktop\team_allen-server\engine\resources\include\release\rccolor.obj
c:\users\administrator\desktop\team_allen-server\engine\resources\include\release\cubetex.obj
c:\users\administrator\desktop\team_allen\engine\resources\bin\resources.dll
c:\users\administrator\desktop\team_allen\engine\resources\bin\resources.pdb
c:\users\administrator\desktop\team_allen-server\engine\resources\bin\resources.dll
c:\users\administrator\desktop\team_allen-server\engine\resources\bin\resources.pdb
c:\users\administrator\desktop\team_allen\engine\resources\bin\resources.lib
c:\users\administrator\desktop\team_allen\engine\resources\bin\resources.exp
c:\users\administrator\desktop\team_allen-server\engine\resources\bin\resources.lib
c:\users\administrator\desktop\team_allen-server\engine\resources\bin\resources.exp
c:\users\administrator\desktop\team_allen-server\engine\resources\include\../bin\resources.dll
c:\users\administrator\desktop\team_allen-server\engine\resources\include\release\resources.tlog\cl.command.1.tlog
c:\users\administrator\desktop\team_allen-server\engine\resources\include\release\resources.tlog\cl.read.1.tlog
c:\users\administrator\desktop\team_allen-server\engine\resources\include\release\resources.tlog\cl.write.1.tlog
c:\users\administrator\desktop\team_allen-server\engine\resources\include\release\resources.tlog\link.command.1.tlog
c:\users\administrator\desktop\team_allen-server\engine\resources\include\release\resources.tlog\link.read.1.tlog
c:\users\administrator\desktop\team_allen-server\engine\resources\include\release\resources.tlog\link.write.1.tlog
c:\users\administrator\desktop\team_allen-server\engine\resources\include\release\resources.tlog\resources.write.1u.tlog
