c:\users\administrator\desktop\team_allen\engine\utility\include\release\vc140.pdb
c:\users\administrator\desktop\team_allen\engine\utility\include\release\mouse.obj
c:\users\administrator\desktop\team_allen\engine\utility\include\release\camera.obj
c:\users\administrator\desktop\team_allen\engine\utility\include\release\transform.obj
c:\users\administrator\desktop\team_allen\engine\utility\include\release\frame.obj
c:\users\administrator\desktop\team_allen\engine\utility\include\release\subject.obj
c:\users\administrator\desktop\team_allen\engine\utility\include\release\scene.obj
c:\users\administrator\desktop\team_allen\engine\utility\include\release\renderer.obj
c:\users\administrator\desktop\team_allen\engine\utility\include\release\pipeline.obj
c:\users\administrator\desktop\team_allen\engine\utility\include\release\observer.obj
c:\users\administrator\desktop\team_allen\engine\utility\include\release\mathmgr.obj
c:\users\administrator\desktop\team_allen\engine\utility\include\release\management.obj
c:\users\administrator\desktop\team_allen\engine\utility\include\release\layer.obj
c:\users\administrator\desktop\team_allen\engine\utility\include\release\gameobject.obj
c:\users\administrator\desktop\team_allen\engine\utility\include\release\component.obj
c:\users\administrator\desktop\team_allen-server\engine\utility\include\release\vc140.pdb
c:\users\administrator\desktop\team_allen-server\engine\utility\include\release\transform.obj
c:\users\administrator\desktop\team_allen-server\engine\utility\include\release\subject.obj
c:\users\administrator\desktop\team_allen-server\engine\utility\include\release\scene.obj
c:\users\administrator\desktop\team_allen-server\engine\utility\include\release\renderer.obj
c:\users\administrator\desktop\team_allen-server\engine\utility\include\release\pipeline.obj
c:\users\administrator\desktop\team_allen-server\engine\utility\include\release\observer.obj
c:\users\administrator\desktop\team_allen-server\engine\utility\include\release\mathmgr.obj
c:\users\administrator\desktop\team_allen-server\engine\utility\include\release\management.obj
c:\users\administrator\desktop\team_allen-server\engine\utility\include\release\layer.obj
c:\users\administrator\desktop\team_allen-server\engine\utility\include\release\gameobject.obj
c:\users\administrator\desktop\team_allen-server\engine\utility\include\release\frame.obj
c:\users\administrator\desktop\team_allen-server\engine\utility\include\release\component.obj
c:\users\administrator\desktop\team_allen-server\engine\utility\include\release\camera.obj
c:\users\administrator\desktop\team_allen\engine\utility\bin\utility.dll
c:\users\administrator\desktop\team_allen\engine\utility\bin\utility.ipdb
c:\users\administrator\desktop\team_allen\engine\utility\bin\utility.iobj
c:\users\administrator\desktop\team_allen\engine\utility\bin\utility.pdb
c:\users\administrator\desktop\team_allen-server\engine\utility\bin\utility.dll
c:\users\administrator\desktop\team_allen-server\engine\utility\bin\utility.ipdb
c:\users\administrator\desktop\team_allen-server\engine\utility\bin\utility.iobj
c:\users\administrator\desktop\team_allen-server\engine\utility\bin\utility.pdb
c:\users\administrator\desktop\team_allen\engine\utility\bin\utility.lib
c:\users\administrator\desktop\team_allen\engine\utility\bin\utility.exp
c:\users\administrator\desktop\team_allen-server\engine\utility\bin\utility.lib
c:\users\administrator\desktop\team_allen-server\engine\utility\bin\utility.exp
c:\users\administrator\desktop\team_allen-server\engine\utility\include\release\mouse.obj
c:\users\administrator\desktop\team_allen-server\engine\utility\include\../bin\utility.dll
c:\users\administrator\desktop\team_allen-server\engine\utility\include\release\utility.tlog\cl.command.1.tlog
c:\users\administrator\desktop\team_allen-server\engine\utility\include\release\utility.tlog\cl.read.1.tlog
c:\users\administrator\desktop\team_allen-server\engine\utility\include\release\utility.tlog\cl.write.1.tlog
c:\users\administrator\desktop\team_allen-server\engine\utility\include\release\utility.tlog\link.command.1.tlog
c:\users\administrator\desktop\team_allen-server\engine\utility\include\release\utility.tlog\link.read.1.tlog
c:\users\administrator\desktop\team_allen-server\engine\utility\include\release\utility.tlog\link.write.1.tlog
c:\users\administrator\desktop\team_allen-server\engine\utility\include\release\utility.tlog\utility.write.1u.tlog
