c:\users\administrator\desktop\team_allen\engine\system\include\debug\vc140.pdb
c:\users\administrator\desktop\team_allen\engine\system\include\debug\vc140.idb
c:\users\administrator\desktop\team_allen\engine\system\include\debug\graphicdev.obj
c:\users\administrator\desktop\team_allen\engine\system\include\debug\timemgr.obj
c:\users\administrator\desktop\team_allen\engine\system\bin\system.ilk
c:\users\administrator\desktop\team_allen\engine\system\bin\system.dll
c:\users\administrator\desktop\team_allen\engine\system\bin\system.pdb
c:\users\administrator\desktop\team_allen\engine\system\bin\system.lib
c:\users\administrator\desktop\team_allen\engine\system\bin\system.exp
c:\users\administrator\desktop\team_allen-server\engine\system\include\debug\graphicdev.obj
c:\users\administrator\desktop\team_allen-server\engine\system\include\debug\timemgr.obj
c:\users\administrator\desktop\team_allen-server\engine\system\include\debug\vc140.idb
c:\users\administrator\desktop\team_allen-server\engine\system\include\debug\vc140.pdb
c:\users\administrator\desktop\team_allen-server\engine\system\include\../bin\system.dll
c:\users\administrator\desktop\team_allen-server\engine\system\include\debug\system.tlog\cl.command.1.tlog
c:\users\administrator\desktop\team_allen-server\engine\system\include\debug\system.tlog\cl.read.1.tlog
c:\users\administrator\desktop\team_allen-server\engine\system\include\debug\system.tlog\cl.write.1.tlog
c:\users\administrator\desktop\team_allen-server\engine\system\include\debug\system.tlog\link.command.1.tlog
c:\users\administrator\desktop\team_allen-server\engine\system\include\debug\system.tlog\link.read.1.tlog
c:\users\administrator\desktop\team_allen-server\engine\system\include\debug\system.tlog\link.write.1.tlog
c:\users\administrator\desktop\team_allen-server\engine\system\include\debug\system.tlog\system.write.1u.tlog
